
  .   ____          _            __ _ _
 /\\ / ___'_ __ _ _(_)_ __  __ _ \ \ \ \
( ( )\___ | '_ | '_| | '_ \/ _` | \ \ \ \
 \\/  ___)| |_)| | | | | || (_| |  ) ) ) )
  '  |____| .__|_| |_|_| |_\__, | / / / /
 =========|_|==============|___/=/_/_/_/

 :: Spring Boot ::                (v3.3.5)

2026-05-19T22:57:40.819+08:00  INFO 38240 --- [neusoft-health] [           main] com.neusoft.health.Application           : Starting Application v1.0.0 using Java 21.0.11 with PID 38240 (D:\Objects\Neusoft Health Consulting\neusoft-health-server\neusoft-health-api\target\neusoft-health-api-1.0.0.jar started by 魏 in D:\Objects\Neusoft Health Consulting)
2026-05-19T22:57:40.822+08:00 DEBUG 38240 --- [neusoft-health] [           main] com.neusoft.health.Application           : Running with Spring Boot v3.3.5, Spring v6.1.14
2026-05-19T22:57:40.822+08:00  INFO 38240 --- [neusoft-health] [           main] com.neusoft.health.Application           : The following 1 profile is active: "dev"
2026-05-19T22:57:42.106+08:00  INFO 38240 --- [neusoft-health] [           main] .s.d.r.c.RepositoryConfigurationDelegate : Multiple Spring Data modules found, entering strict repository configuration mode
2026-05-19T22:57:42.113+08:00  INFO 38240 --- [neusoft-health] [           main] .s.d.r.c.RepositoryConfigurationDelegate : Bootstrapping Spring Data Redis repositories in DEFAULT mode.
2026-05-19T22:57:42.147+08:00  INFO 38240 --- [neusoft-health] [           main] .s.d.r.c.RepositoryConfigurationDelegate : Finished Spring Data repository scanning in 19 ms. Found 0 Redis repository interfaces.
2026-05-19T22:57:43.637+08:00  INFO 38240 --- [neusoft-health] [           main] o.s.b.w.embedded.tomcat.TomcatWebServer  : Tomcat initialized with port 8080 (http)
2026-05-19T22:57:43.674+08:00  INFO 38240 --- [neusoft-health] [           main] o.apache.catalina.core.StandardService   : Starting service [Tomcat]
2026-05-19T22:57:43.675+08:00  INFO 38240 --- [neusoft-health] [           main] o.apache.catalina.core.StandardEngine    : Starting Servlet engine: [Apache Tomcat/10.1.31]
2026-05-19T22:57:43.727+08:00  INFO 38240 --- [neusoft-health] [           main] o.a.c.c.C.[Tomcat].[localhost].[/]       : Initializing Spring embedded WebApplicationContext
2026-05-19T22:57:43.728+08:00  INFO 38240 --- [neusoft-health] [           main] w.s.c.ServletWebServerApplicationContext : Root WebApplicationContext: initialization completed in 2851 ms
2026-05-19T22:57:43.843+08:00 DEBUG 38240 --- [neusoft-health] [           main] c.n.h.f.s.JwtAuthenticationFilter        : Filter 'jwtAuthenticationFilter' configured for use
Logging initialized using 'class org.apache.ibatis.logging.stdout.StdOutImpl' adapter.
Get /26.253.68.224 network interface 
Get network interface info: name:ethernet_32775 (Famatech Radmin VPN Ethernet Adapter)
Initialization Sequence datacenterId:11 workerId:9
 _ _   |_  _ _|_. ___ _ |    _ 
| | |\/|_)(_| | |_\  |_)||_|_\ 
     /               |         
                        3.5.7 
2026-05-19T22:57:46.312+08:00  WARN 38240 --- [neusoft-health] [           main] .s.s.UserDetailsServiceAutoConfiguration : 

Using generated security password: 5100f3af-76e5-4404-bae8-dcd63c8e1c6c

This generated password is for development use only. Your security configuration must be updated before running your application in production.

2026-05-19T22:57:47.422+08:00  INFO 38240 --- [neusoft-health] [           main] o.s.b.w.embedded.tomcat.TomcatWebServer  : Tomcat started on port 8080 (http) with context path '/'
2026-05-19T22:57:47.432+08:00  INFO 38240 --- [neusoft-health] [           main] com.neusoft.health.Application           : Started Application in 7.157 seconds (process running for 7.826)
